ERROR in
action number 1
of  Step Event
for object obj_figure:

Error opening file for reading.


ERROR in
action number 1
of  Step Event
for object obj_figure:

File is not opened for reading.


ERROR in
action number 1
of  Step Event
for object obj_figure:

File is not opened for reading.


ERROR in
action number 1
of  Step Event
for object obj_figure:

File is not opened for reading.


ERROR in
action number 1
of  Step Event
for object obj_figure:

File is not opened for reading.


ERROR in
action number 1
of  Step Event
for object obj_figure:

File is not opened for reading.


ERROR in
action number 1
of  Step Event
for object obj_figure:

File is not opened for reading.


ERROR in
action number 1
of  Step Event
for object obj_figure:

File is not opened for reading.


ERROR in
action number 1
of  Step Event
for object obj_figure:

File is not opened for reading.


